<?xml version="1.0" encoding="UTF-8"?>
<!-- Generated by org.testng.reporters.JUnitReportReporter -->
<testsuite hostname="EN911212" failures="0" tests="2" name="Test1" time="3.964" errors="0" timestamp="2021-08-27T17:16:08 COT" skipped="0">
  <testcase classname="Test1" name="test2" time="0.548"/>
  <system-out/>
  <testcase classname="Test1" name="test1" time="3.416"/>
  <system-out/>
</testsuite> <!-- Test1 -->
