<?xml version="1.0" encoding="UTF-8"?>
<!-- Generated by org.testng.reporters.JUnitReportReporter -->
<testsuite hostname="EN911212" failures="0" tests="3" name="TestingGet" time="2.548" errors="0" timestamp="2021-08-27T19:31:00 COT" skipped="0">
  <testcase classname="TestingGet" name="getAlternativeTitles" time="2.286"/>
  <system-out/>
  <testcase classname="TestingGet" name="getCreditsTV" time="0.105"/>
  <system-out/>
  <testcase classname="TestingGet" name="getEpisodeGroupsTV" time="0.157"/>
  <system-out/>
</testsuite> <!-- TestingGet -->
